[debug] [2026-05-08T08:50:00.449Z] ----------------------------------------------------------------------
[debug] [2026-05-08T08:50:00.451Z] Command:       /opt/homebrew/Cellar/node/25.9.0_3/bin/node /Users/ivanortizmaura/.npm/_npx/7750544ccf494d8b/node_modules/.bin/firebase emulators:start --only functions
[debug] [2026-05-08T08:50:00.451Z] CLI Version:   15.17.0
[debug] [2026-05-08T08:50:00.451Z] Platform:      darwin
[debug] [2026-05-08T08:50:00.451Z] Node Version:  v25.9.0
[debug] [2026-05-08T08:50:00.451Z] Time:          Fri May 08 2026 10:50:00 GMT+0200 (Central European Summer Time)
[debug] [2026-05-08T08:50:00.451Z] ----------------------------------------------------------------------
[debug] 
[debug] [2026-05-08T08:50:00.962Z] > command requires scopes: ["email","openid","https://www.googleapis.com/auth/cloudplatformprojects.readonly","https://www.googleapis.com/auth/firebase","https://www.googleapis.com/auth/cloud-platform"]
[debug] [2026-05-08T08:50:00.962Z] > authorizing via signed-in user (memodreamsevents@gmail.com)
[info] i  emulators: Starting emulators: functions {"metadata":{"emulator":{"name":"hub"},"message":"Starting emulators: functions"}}
[debug] [2026-05-08T08:50:01.210Z] [logging] Logging Emulator only supports listening on one address (127.0.0.1). Not listening on ::1
[debug] [2026-05-08T08:50:01.210Z] assigned listening specs for emulators {"user":{"hub":[{"address":"127.0.0.1","family":"IPv4","port":4400},{"address":"::1","family":"IPv6","port":4400}],"ui":[{"address":"127.0.0.1","family":"IPv4","port":4000},{"address":"::1","family":"IPv6","port":4000}],"logging":[{"address":"127.0.0.1","family":"IPv4","port":4500}]},"metadata":{"message":"assigned listening specs for emulators"}}
[debug] [2026-05-08T08:50:01.214Z] Write emulator hub locator at /var/folders/28/kb4jl7y12l1bffm1sk_9lz6c0000gn/T/hub-memocv-f39df.json
[debug] [2026-05-08T08:50:01.463Z] [functions] Functions Emulator only supports listening on one address (127.0.0.1). Not listening on ::1
[debug] [2026-05-08T08:50:01.464Z] [eventarc] Eventarc Emulator only supports listening on one address (127.0.0.1). Not listening on ::1
[debug] [2026-05-08T08:50:01.464Z] [tasks] Cloud Tasks Emulator only supports listening on one address (127.0.0.1). Not listening on ::1
[debug] [2026-05-08T08:50:01.464Z] late-assigned ports for functions and eventarc emulators {"user":{"hub":[{"address":"127.0.0.1","family":"IPv4","port":4400},{"address":"::1","family":"IPv6","port":4400}],"ui":[{"address":"127.0.0.1","family":"IPv4","port":4000},{"address":"::1","family":"IPv6","port":4000}],"logging":[{"address":"127.0.0.1","family":"IPv4","port":4500}],"functions":[{"address":"127.0.0.1","family":"IPv4","port":5001}],"eventarc":[{"address":"127.0.0.1","family":"IPv4","port":9299}],"tasks":[{"address":"127.0.0.1","family":"IPv4","port":9499}]},"metadata":{"message":"late-assigned ports for functions and eventarc emulators"}}
[warn] ⚠  functions: The following emulators are not running, calls to these services from the Functions emulator will affect production: apphosting, auth, firestore, database, hosting, pubsub, storage, dataconnect {"metadata":{"emulator":{"name":"functions"},"message":"The following emulators are not running, calls to these services from the Functions emulator will affect production: \u001b[1mapphosting, auth, firestore, database, hosting, pubsub, storage, dataconnect\u001b[22m"}}
[debug] [2026-05-08T08:50:01.471Z] defaultcredentials: writing to file /Users/ivanortizmaura/.config/firebase/memodreamsevents_gmail_com_application_default_credentials.json
[debug] [2026-05-08T08:50:01.474Z] Setting GAC to /Users/ivanortizmaura/.config/firebase/memodreamsevents_gmail_com_application_default_credentials.json {"metadata":{"emulator":{"name":"functions"},"message":"Setting GAC to /Users/ivanortizmaura/.config/firebase/memodreamsevents_gmail_com_application_default_credentials.json"}}
[debug] [2026-05-08T08:50:01.475Z] Checked if tokens are valid: true, expires at: 1778233599022
[debug] [2026-05-08T08:50:01.475Z] Checked if tokens are valid: true, expires at: 1778233599022
[debug] [2026-05-08T08:50:01.475Z] >>> [apiv2][query] GET https://firebase.googleapis.com/v1beta1/projects/memocv-f39df/adminSdkConfig [none]
[debug] [2026-05-08T08:50:01.980Z] <<< [apiv2][status] GET https://firebase.googleapis.com/v1beta1/projects/memocv-f39df/adminSdkConfig 200
[debug] [2026-05-08T08:50:01.981Z] <<< [apiv2][body] GET https://firebase.googleapis.com/v1beta1/projects/memocv-f39df/adminSdkConfig {"projectId":"memocv-f39df","storageBucket":"memocv-f39df.firebasestorage.app"}
[info] i  functions: Watching "/Users/ivanortizmaura/MemoCV/functions" for Cloud Functions... {"metadata":{"emulator":{"name":"functions"},"message":"Watching \"/Users/ivanortizmaura/MemoCV/functions\" for Cloud Functions..."}}
[debug] [2026-05-08T08:50:02.004Z] Validating nodejs source
[warn] ⚠  functions: package.json indicates an outdated version of firebase-functions. Please upgrade using npm install --save firebase-functions@latest in your functions directory. 
[warn] ⚠  functions: Please note that there will be breaking changes when you upgrade. 
[debug] [2026-05-08T08:50:02.532Z] > [functions] package.json contents: {
  "name": "functions",
  "scripts": {
    "lint": "eslint --ext .js,.ts .",
    "build": "tsc",
    "build:watch": "tsc --watch",
    "serve": "npm run build && firebase emulators:start --only functions",
    "shell": "npm run build && firebase functions:shell",
    "start": "npm run shell",
    "deploy": "firebase deploy --only functions",
    "logs": "firebase functions:log"
  },
  "engines": {
    "node": "22"
  },
  "main": "lib/index.js",
  "dependencies": {
    "firebase-admin": "^13.4.0",
    "firebase-functions": "^6.6.0",
    "nodemailer": "^8.0.7"
  },
  "devDependencies": {
    "@types/nodemailer": "^8.0.0",
    "@typescript-eslint/eslint-plugin": "^8.0.0",
    "@typescript-eslint/parser": "^8.0.0",
    "eslint": "^8.57.1",
    "eslint-config-google": "^0.14.0",
    "typescript": "^5.9.2"
  },
  "private": true
}
[debug] [2026-05-08T08:50:02.532Z] Building nodejs source
[debug] [2026-05-08T08:50:02.532Z] Failed to find version of module node: reached end of search path /Users/ivanortizmaura/MemoCV/functions/node_modules
[warn] ⚠  functions: Your requested "node" version "22" doesn't match your global version "25". Using node@25 from host. 
[debug] [2026-05-08T08:50:02.534Z] Could not find functions.yaml. Must use http discovery
[debug] [2026-05-08T08:50:02.539Z] Found firebase-functions binary at '/Users/ivanortizmaura/MemoCV/functions/node_modules/.bin/firebase-functions'
[info] Serving at port 8286

[debug] [2026-05-08T08:50:02.959Z] Got response from /__/functions.yaml {"endpoints":{"sendStudentEmail":{"availableMemoryMb":512,"timeoutSeconds":120,"minInstances":null,"maxInstances":null,"ingressSettings":null,"concurrency":null,"serviceAccountEmail":null,"vpc":null,"platform":"gcfv2","region":["us-central1"],"secretEnvironmentVariables":[{"key":"GMAIL_PASSWORD"}],"labels":{},"callableTrigger":{},"entryPoint":"sendStudentEmail"}},"specVersion":"v1alpha1","requiredAPIs":[],"extensions":{}}
[info] ✔  functions: Loaded functions definitions from source: sendStudentEmail. {"metadata":{"emulator":{"name":"functions"},"message":"Loaded functions definitions from source: sendStudentEmail."}}
[info] ✔  functions[us-central1-sendStudentEmail]: http function initialized (http://127.0.0.1:5001/memocv-f39df/us-central1/sendStudentEmail). {"metadata":{"emulator":{"name":"functions"},"message":"\u001b[1mhttp\u001b[22m function initialized (http://127.0.0.1:5001/memocv-f39df/us-central1/sendStudentEmail)."}}
[debug] [2026-05-08T08:50:06.996Z] Could not find VSCode notification endpoint: FetchError: request to http://localhost:40001/vscode/notify failed, reason: . If you are not running the Firebase SQL Connect VSCode extension, this is expected and not an issue.
[info] 
┌─────────────────────────────────────────────────────────────┐
│ ✔  All emulators ready! It is now safe to connect your app. │
│ i  View Emulator UI at http://127.0.0.1:4000/               │
└─────────────────────────────────────────────────────────────┘

┌───────────┬────────────────┬─────────────────────────────────┐
│ Emulator  │ Host:Port      │ View in Emulator UI             │
├───────────┼────────────────┼─────────────────────────────────┤
│ Functions │ 127.0.0.1:5001 │ http://127.0.0.1:4000/functions │
└───────────┴────────────────┴─────────────────────────────────┘
  Emulator Hub host: 127.0.0.1 port: 4400
  Other reserved ports: 4500

Issues? Report them at https://github.com/firebase/firebase-tools/issues and attach the *-debug.log files.
 
[debug] [2026-05-08T08:53:10.040Z] [work-queue] {"queuedWork":["/memocv-f39df/us-central1/sendStudentEmail-2026-05-08T08:53:10.039Z"],"queueLength":1,"runningWork":[],"workRunningCount":0}
[debug] [2026-05-08T08:53:10.041Z] [work-queue] {"queuedWork":[],"queueLength":0,"runningWork":["/memocv-f39df/us-central1/sendStudentEmail-2026-05-08T08:53:10.039Z"],"workRunningCount":1}
[debug] [2026-05-08T08:53:10.041Z] Accepted request OPTIONS /memocv-f39df/us-central1/sendStudentEmail --> us-central1-sendStudentEmail
[debug] [2026-05-08T08:53:10.046Z] [functions] Runtime ready! Sending request! {"metadata":{"emulator":{"name":"functions"},"message":"[functions] Runtime ready! Sending request!"}}
[debug] [2026-05-08T08:53:10.047Z] [functions] Got req.url=/memocv-f39df/us-central1/sendStudentEmail, mapping to path=/ {"metadata":{"emulator":{"name":"functions"},"message":"[functions] Got req.url=/memocv-f39df/us-central1/sendStudentEmail, mapping to path=/"}}
[debug] [2026-05-08T08:53:10.054Z] [worker-pool] addWorker(us-central1-sendStudentEmail) {"metadata":{"emulator":{"name":"functions"},"message":"[worker-pool] addWorker(us-central1-sendStudentEmail)"}}
[debug] [2026-05-08T08:53:10.055Z] [worker-pool] Adding worker with key us-central1-sendStudentEmail, total=1 {"metadata":{"emulator":{"name":"functions"},"message":"[worker-pool] Adding worker with key us-central1-sendStudentEmail, total=1"}}
[debug] [2026-05-08T08:53:10.698Z] [runtime-status] [38315] Resolved module firebase-admin {"declared":true,"installed":true,"version":"13.9.0","resolution":"/Users/ivanortizmaura/MemoCV/functions/node_modules/firebase-admin/lib/index.js"} {"metadata":{"emulator":{"name":"functions"},"function":{"name":"us-central1-sendStudentEmail"},"extension":{},"message":"[runtime-status] [38315] Resolved module firebase-admin {\"declared\":true,\"installed\":true,\"version\":\"13.9.0\",\"resolution\":\"/Users/ivanortizmaura/MemoCV/functions/node_modules/firebase-admin/lib/index.js\"}"}}
[debug] [2026-05-08T08:53:10.698Z] [runtime-status] [38315] Resolved module firebase-functions {"declared":true,"installed":true,"version":"6.6.0","resolution":"/Users/ivanortizmaura/MemoCV/functions/node_modules/firebase-functions/lib/v2/index.js"} {"metadata":{"emulator":{"name":"functions"},"function":{"name":"us-central1-sendStudentEmail"},"extension":{},"message":"[runtime-status] [38315] Resolved module firebase-functions {\"declared\":true,\"installed\":true,\"version\":\"6.6.0\",\"resolution\":\"/Users/ivanortizmaura/MemoCV/functions/node_modules/firebase-functions/lib/v2/index.js\"}"}}
[debug] [2026-05-08T08:53:10.699Z] [runtime-status] [38315] Outgoing network have been stubbed. [{"name":"http","status":"mocked"},{"name":"http","status":"mocked"},{"name":"https","status":"mocked"},{"name":"https","status":"mocked"},{"name":"net","status":"mocked"}] {"metadata":{"emulator":{"name":"functions"},"function":{"name":"us-central1-sendStudentEmail"},"extension":{},"message":"[runtime-status] [38315] Outgoing network have been stubbed. [{\"name\":\"http\",\"status\":\"mocked\"},{\"name\":\"http\",\"status\":\"mocked\"},{\"name\":\"https\",\"status\":\"mocked\"},{\"name\":\"https\",\"status\":\"mocked\"},{\"name\":\"net\",\"status\":\"mocked\"}]"}}
[debug] [2026-05-08T08:53:10.699Z] [runtime-status] [38315] Resolved module firebase-functions {"declared":true,"installed":true,"version":"6.6.0","resolution":"/Users/ivanortizmaura/MemoCV/functions/node_modules/firebase-functions/lib/v2/index.js"} {"metadata":{"emulator":{"name":"functions"},"function":{"name":"us-central1-sendStudentEmail"},"extension":{},"message":"[runtime-status] [38315] Resolved module firebase-functions {\"declared\":true,\"installed\":true,\"version\":\"6.6.0\",\"resolution\":\"/Users/ivanortizmaura/MemoCV/functions/node_modules/firebase-functions/lib/v2/index.js\"}"}}
[debug] [2026-05-08T08:53:10.813Z] [runtime-status] [38315] Resolved module firebase-admin {"declared":true,"installed":true,"version":"13.9.0","resolution":"/Users/ivanortizmaura/MemoCV/functions/node_modules/firebase-admin/lib/index.js"} {"metadata":{"emulator":{"name":"functions"},"function":{"name":"us-central1-sendStudentEmail"},"extension":{},"message":"[runtime-status] [38315] Resolved module firebase-admin {\"declared\":true,\"installed\":true,\"version\":\"13.9.0\",\"resolution\":\"/Users/ivanortizmaura/MemoCV/functions/node_modules/firebase-admin/lib/index.js\"}"}}
[debug] [2026-05-08T08:53:10.814Z] [runtime-status] [38315] Resolved module firebase-functions {"declared":true,"installed":true,"version":"6.6.0","resolution":"/Users/ivanortizmaura/MemoCV/functions/node_modules/firebase-functions/lib/v2/index.js"} {"metadata":{"emulator":{"name":"functions"},"function":{"name":"us-central1-sendStudentEmail"},"extension":{},"message":"[runtime-status] [38315] Resolved module firebase-functions {\"declared\":true,\"installed\":true,\"version\":\"6.6.0\",\"resolution\":\"/Users/ivanortizmaura/MemoCV/functions/node_modules/firebase-functions/lib/v2/index.js\"}"}}
[debug] [2026-05-08T08:53:10.907Z] [runtime-status] [38315] firebase-admin has been stubbed. {"adminResolution":{"declared":true,"installed":true,"version":"13.9.0","resolution":"/Users/ivanortizmaura/MemoCV/functions/node_modules/firebase-admin/lib/index.js"}} {"metadata":{"emulator":{"name":"functions"},"function":{"name":"us-central1-sendStudentEmail"},"extension":{},"message":"[runtime-status] [38315] firebase-admin has been stubbed. {\"adminResolution\":{\"declared\":true,\"installed\":true,\"version\":\"13.9.0\",\"resolution\":\"/Users/ivanortizmaura/MemoCV/functions/node_modules/firebase-admin/lib/index.js\"}}"}}
[debug] [2026-05-08T08:53:10.927Z] [runtime-status] [38315] initializeApp(DEFAULT) {"storageBucket":"memocv-f39df.firebasestorage.app","projectId":"memocv-f39df"} {"metadata":{"emulator":{"name":"functions"},"function":{"name":"us-central1-sendStudentEmail"},"extension":{},"message":"[runtime-status] [38315] initializeApp(DEFAULT) {\"storageBucket\":\"memocv-f39df.firebasestorage.app\",\"projectId\":\"memocv-f39df\"}"}}
[warn] ⚠  functions: The Cloud Firestore emulator is not running, so calls to Firestore will affect production. {"metadata":{"emulator":{"name":"functions"},"function":{"name":"us-central1-sendStudentEmail"},"extension":{},"message":"The Cloud Firestore emulator is not running, so calls to Firestore will affect production."}}
[debug] [2026-05-08T08:53:10.936Z] [runtime-status] [38315] Functions runtime initialized. {"cwd":"/Users/ivanortizmaura/MemoCV/functions","node_version":"25.9.0"} {"metadata":{"emulator":{"name":"functions"},"function":{"name":"us-central1-sendStudentEmail"},"extension":{},"message":"[runtime-status] [38315] Functions runtime initialized. {\"cwd\":\"/Users/ivanortizmaura/MemoCV/functions\",\"node_version\":\"25.9.0\"}"}}
[debug] [2026-05-08T08:53:10.936Z] [runtime-status] [38315] Listening to port: /var/folders/28/kb4jl7y12l1bffm1sk_9lz6c0000gn/T/fire_emu_54eac76c5aada279.sock {"metadata":{"emulator":{"name":"functions"},"function":{"name":"us-central1-sendStudentEmail"},"extension":{},"message":"[runtime-status] [38315] Listening to port: /var/folders/28/kb4jl7y12l1bffm1sk_9lz6c0000gn/T/fire_emu_54eac76c5aada279.sock"}}
[debug] [2026-05-08T08:53:10.977Z] [worker-us-central1-sendStudentEmail-c8e68dc4-5a3a-4de0-9ad6-d5800cea5312]: IDLE {"metadata":{"emulator":{"name":"functions"},"function":{"name":"us-central1-sendStudentEmail"},"extension":{},"message":"[worker-us-central1-sendStudentEmail-c8e68dc4-5a3a-4de0-9ad6-d5800cea5312]: IDLE"}}
[debug] [2026-05-08T08:53:10.977Z] [worker-pool] submitRequest(triggerId=us-central1-sendStudentEmail) {"metadata":{"emulator":{"name":"functions"},"message":"[worker-pool] submitRequest(triggerId=us-central1-sendStudentEmail)"}}
[info] i  functions: Beginning execution of "us-central1-sendStudentEmail" {"metadata":{"emulator":{"name":"functions"},"function":{"name":"us-central1-sendStudentEmail"},"extension":{},"message":"Beginning execution of \"us-central1-sendStudentEmail\""}}
[debug] [2026-05-08T08:53:10.978Z] [worker-us-central1-sendStudentEmail-c8e68dc4-5a3a-4de0-9ad6-d5800cea5312]: BUSY {"metadata":{"emulator":{"name":"functions"},"function":{"name":"us-central1-sendStudentEmail"},"extension":{},"message":"[worker-us-central1-sendStudentEmail-c8e68dc4-5a3a-4de0-9ad6-d5800cea5312]: BUSY"}}
[debug] [2026-05-08T08:53:10.981Z] Finishing up request with event=pause {"metadata":{"emulator":{"name":"functions"},"function":{"name":"us-central1-sendStudentEmail"},"extension":{},"message":"Finishing up request with event=pause"}}
[info] i  functions: Finished "us-central1-sendStudentEmail" in 3.16325ms {"metadata":{"emulator":{"name":"functions"},"function":{"name":"us-central1-sendStudentEmail"},"extension":{},"message":"Finished \"us-central1-sendStudentEmail\" in 3.16325ms"}}
[debug] [2026-05-08T08:53:10.981Z] [worker-us-central1-sendStudentEmail-c8e68dc4-5a3a-4de0-9ad6-d5800cea5312]: IDLE {"metadata":{"emulator":{"name":"functions"},"function":{"name":"us-central1-sendStudentEmail"},"extension":{},"message":"[worker-us-central1-sendStudentEmail-c8e68dc4-5a3a-4de0-9ad6-d5800cea5312]: IDLE"}}
[debug] [2026-05-08T08:53:10.981Z] Finishing up request with event=finish {"metadata":{"emulator":{"name":"functions"},"function":{"name":"us-central1-sendStudentEmail"},"extension":{},"message":"Finishing up request with event=finish"}}
[debug] [2026-05-08T08:53:10.981Z] Finishing up request with event=close {"metadata":{"emulator":{"name":"functions"},"function":{"name":"us-central1-sendStudentEmail"},"extension":{},"message":"Finishing up request with event=close"}}
[debug] [2026-05-08T08:53:10.981Z] [work-queue] {"queuedWork":[],"queueLength":0,"runningWork":[],"workRunningCount":0}
[debug] [2026-05-08T08:53:10.982Z] [work-queue] {"queuedWork":["/memocv-f39df/us-central1/sendStudentEmail-2026-05-08T08:53:10.982Z"],"queueLength":1,"runningWork":[],"workRunningCount":0}
[debug] [2026-05-08T08:53:10.982Z] [work-queue] {"queuedWork":[],"queueLength":0,"runningWork":["/memocv-f39df/us-central1/sendStudentEmail-2026-05-08T08:53:10.982Z"],"workRunningCount":1}
[debug] [2026-05-08T08:53:10.982Z] Accepted request POST /memocv-f39df/us-central1/sendStudentEmail --> us-central1-sendStudentEmail
[debug] [2026-05-08T08:53:10.982Z] [functions] Runtime ready! Sending request! {"metadata":{"emulator":{"name":"functions"},"message":"[functions] Runtime ready! Sending request!"}}
[debug] [2026-05-08T08:53:10.982Z] [functions] Got req.url=/memocv-f39df/us-central1/sendStudentEmail, mapping to path=/ {"metadata":{"emulator":{"name":"functions"},"message":"[functions] Got req.url=/memocv-f39df/us-central1/sendStudentEmail, mapping to path=/"}}
[debug] [2026-05-08T08:53:10.982Z] [worker-pool] submitRequest(triggerId=us-central1-sendStudentEmail) {"metadata":{"emulator":{"name":"functions"},"message":"[worker-pool] submitRequest(triggerId=us-central1-sendStudentEmail)"}}
[info] i  functions: Beginning execution of "us-central1-sendStudentEmail" {"metadata":{"emulator":{"name":"functions"},"function":{"name":"us-central1-sendStudentEmail"},"extension":{},"message":"Beginning execution of \"us-central1-sendStudentEmail\""}}
[debug] [2026-05-08T08:53:10.983Z] [worker-us-central1-sendStudentEmail-c8e68dc4-5a3a-4de0-9ad6-d5800cea5312]: BUSY {"metadata":{"emulator":{"name":"functions"},"function":{"name":"us-central1-sendStudentEmail"},"extension":{},"message":"[worker-us-central1-sendStudentEmail-c8e68dc4-5a3a-4de0-9ad6-d5800cea5312]: BUSY"}}
[info] >  {"verifications":{"app":"MISSING","auth":"VALID"},"logging.googleapis.com/labels":{"firebase-log-type":"callable-request-verification"},"severity":"DEBUG","message":"Callable request verification passed"} {"user":{"verifications":{"app":"MISSING","auth":"VALID"},"logging.googleapis.com/labels":{"firebase-log-type":"callable-request-verification"},"severity":"DEBUG","message":"Callable request verification passed"},"metadata":{"emulator":{"name":"functions"},"function":{"name":"us-central1-sendStudentEmail"},"extension":{},"message":"\u001b[90m> \u001b[39m {\"verifications\":{\"app\":\"MISSING\",\"auth\":\"VALID\"},\"logging.googleapis.com/labels\":{\"firebase-log-type\":\"callable-request-verification\"},\"severity\":\"DEBUG\",\"message\":\"Callable request verification passed\"}"}}
[info] >  {"callerUid":"rS0uqVwp6uQOwqi2HHF1TCvQ3G93","severity":"INFO","message":"sendStudentEmail called for studentId=thIvRb4eYx7viOWjqMpH"} {"user":{"callerUid":"rS0uqVwp6uQOwqi2HHF1TCvQ3G93","severity":"INFO","message":"sendStudentEmail called for studentId=thIvRb4eYx7viOWjqMpH"},"metadata":{"emulator":{"name":"functions"},"function":{"name":"us-central1-sendStudentEmail"},"extension":{},"message":"\u001b[90m> \u001b[39m {\"callerUid\":\"rS0uqVwp6uQOwqi2HHF1TCvQ3G93\",\"severity\":\"INFO\",\"message\":\"sendStudentEmail called for studentId=thIvRb4eYx7viOWjqMpH\"}"}}
[warn] ⚠  Google API requested!
   - URL: "https://oauth2.googleapis.com/token"
   - Be careful, this may be a production service. {"metadata":{"emulator":{"name":"functions"},"function":{"name":"us-central1-sendStudentEmail"},"extension":{},"message":"Google API requested!\n   - URL: \"https://oauth2.googleapis.com/token\"\n   - Be careful, this may be a production service."}}
[info] >  {"severity":"INFO","message":"Sending email to memodreamsevents@gmail.com with 2 photo link(s)…"} {"user":{"severity":"INFO","message":"Sending email to memodreamsevents@gmail.com with 2 photo link(s)…"},"metadata":{"emulator":{"name":"functions"},"function":{"name":"us-central1-sendStudentEmail"},"extension":{},"message":"\u001b[90m> \u001b[39m {\"severity\":\"INFO\",\"message\":\"Sending email to memodreamsevents@gmail.com with 2 photo link(s)…\"}"}}
[info] >  {"severity":"INFO","message":"Marked emailSent=true for studentId=thIvRb4eYx7viOWjqMpH"} {"user":{"severity":"INFO","message":"Marked emailSent=true for studentId=thIvRb4eYx7viOWjqMpH"},"metadata":{"emulator":{"name":"functions"},"function":{"name":"us-central1-sendStudentEmail"},"extension":{},"message":"\u001b[90m> \u001b[39m {\"severity\":\"INFO\",\"message\":\"Marked emailSent=true for studentId=thIvRb4eYx7viOWjqMpH\"}"}}
[debug] [2026-05-08T08:53:13.584Z] Finishing up request with event=pause {"metadata":{"emulator":{"name":"functions"},"function":{"name":"us-central1-sendStudentEmail"},"extension":{},"message":"Finishing up request with event=pause"}}
[info] i  functions: Finished "us-central1-sendStudentEmail" in 2601.631ms {"metadata":{"emulator":{"name":"functions"},"function":{"name":"us-central1-sendStudentEmail"},"extension":{},"message":"Finished \"us-central1-sendStudentEmail\" in 2601.631ms"}}
[debug] [2026-05-08T08:53:13.585Z] [worker-us-central1-sendStudentEmail-c8e68dc4-5a3a-4de0-9ad6-d5800cea5312]: IDLE {"metadata":{"emulator":{"name":"functions"},"function":{"name":"us-central1-sendStudentEmail"},"extension":{},"message":"[worker-us-central1-sendStudentEmail-c8e68dc4-5a3a-4de0-9ad6-d5800cea5312]: IDLE"}}
[debug] [2026-05-08T08:53:13.585Z] Finishing up request with event=finish {"metadata":{"emulator":{"name":"functions"},"function":{"name":"us-central1-sendStudentEmail"},"extension":{},"message":"Finishing up request with event=finish"}}
[debug] [2026-05-08T08:53:13.585Z] Finishing up request with event=close {"metadata":{"emulator":{"name":"functions"},"function":{"name":"us-central1-sendStudentEmail"},"extension":{},"message":"Finishing up request with event=close"}}
[debug] [2026-05-08T08:53:13.585Z] [work-queue] {"queuedWork":[],"queueLength":0,"runningWork":[],"workRunningCount":0}
[debug] [2026-05-08T09:04:21.483Z] File /Users/ivanortizmaura/MemoCV/functions/src/index.ts changed, reloading triggers {"metadata":{"emulator":{"name":"functions"},"message":"File /Users/ivanortizmaura/MemoCV/functions/src/index.ts changed, reloading triggers"}}
[debug] [2026-05-08T09:04:22.486Z] Validating nodejs source
[warn] ⚠  functions: package.json indicates an outdated version of firebase-functions. Please upgrade using npm install --save firebase-functions@latest in your functions directory. 
[warn] ⚠  functions: Please note that there will be breaking changes when you upgrade. 
[debug] [2026-05-08T09:04:23.099Z] > [functions] package.json contents: {
  "name": "functions",
  "scripts": {
    "lint": "eslint --ext .js,.ts .",
    "build": "tsc",
    "build:watch": "tsc --watch",
    "serve": "npm run build && firebase emulators:start --only functions",
    "shell": "npm run build && firebase functions:shell",
    "start": "npm run shell",
    "deploy": "firebase deploy --only functions",
    "logs": "firebase functions:log"
  },
  "engines": {
    "node": "22"
  },
  "main": "lib/index.js",
  "dependencies": {
    "firebase-admin": "^13.4.0",
    "firebase-functions": "^6.6.0",
    "nodemailer": "^8.0.7"
  },
  "devDependencies": {
    "@types/nodemailer": "^8.0.0",
    "@typescript-eslint/eslint-plugin": "^8.0.0",
    "@typescript-eslint/parser": "^8.0.0",
    "eslint": "^8.57.1",
    "eslint-config-google": "^0.14.0",
    "typescript": "^5.9.2"
  },
  "private": true
}
[debug] [2026-05-08T09:04:23.099Z] Building nodejs source
[debug] [2026-05-08T09:04:23.099Z] Failed to find version of module node: reached end of search path /Users/ivanortizmaura/MemoCV/functions/node_modules
[warn] ⚠  functions: Your requested "node" version "22" doesn't match your global version "25". Using node@25 from host. 
[debug] [2026-05-08T09:04:23.100Z] Could not find functions.yaml. Must use http discovery
[debug] [2026-05-08T09:04:23.101Z] Found firebase-functions binary at '/Users/ivanortizmaura/MemoCV/functions/node_modules/.bin/firebase-functions'
[info] Serving at port 8985

[debug] [2026-05-08T09:04:23.520Z] Got response from /__/functions.yaml {"endpoints":{"sendStudentEmail":{"availableMemoryMb":512,"timeoutSeconds":120,"minInstances":null,"maxInstances":null,"ingressSettings":null,"concurrency":null,"serviceAccountEmail":null,"vpc":null,"platform":"gcfv2","region":["us-central1"],"secretEnvironmentVariables":[{"key":"GMAIL_PASSWORD"}],"labels":{},"callableTrigger":{},"entryPoint":"sendStudentEmail"}},"specVersion":"v1alpha1","requiredAPIs":[],"extensions":{}}
[info] ✔  functions: Loaded functions definitions from source: sendStudentEmail. {"metadata":{"emulator":{"name":"functions"},"message":"Loaded functions definitions from source: sendStudentEmail."}}
[debug] [2026-05-08T09:04:27.539Z] [worker-pool] Shutting down IDLE worker (us-central1-sendStudentEmail) {"metadata":{"emulator":{"name":"functions"},"message":"[worker-pool] Shutting down IDLE worker (us-central1-sendStudentEmail)"}}
[debug] [2026-05-08T09:04:27.539Z] [worker-us-central1-sendStudentEmail-c8e68dc4-5a3a-4de0-9ad6-d5800cea5312]: FINISHING {"metadata":{"emulator":{"name":"functions"},"function":{"name":"us-central1-sendStudentEmail"},"extension":{},"message":"[worker-us-central1-sendStudentEmail-c8e68dc4-5a3a-4de0-9ad6-d5800cea5312]: FINISHING"}}
[debug] [2026-05-08T09:04:27.549Z] [worker-us-central1-sendStudentEmail-c8e68dc4-5a3a-4de0-9ad6-d5800cea5312]: exited {"metadata":{"emulator":{"name":"functions"},"function":{"name":"us-central1-sendStudentEmail"},"extension":{},"message":"[worker-us-central1-sendStudentEmail-c8e68dc4-5a3a-4de0-9ad6-d5800cea5312]: exited"}}
[debug] [2026-05-08T09:04:27.549Z] [worker-us-central1-sendStudentEmail-c8e68dc4-5a3a-4de0-9ad6-d5800cea5312]: FINISHED {"metadata":{"emulator":{"name":"functions"},"function":{"name":"us-central1-sendStudentEmail"},"extension":{},"message":"[worker-us-central1-sendStudentEmail-c8e68dc4-5a3a-4de0-9ad6-d5800cea5312]: FINISHED"}}
[debug] [2026-05-08T09:04:29.362Z] File /Users/ivanortizmaura/MemoCV/functions/src/index.ts changed, reloading triggers {"metadata":{"emulator":{"name":"functions"},"message":"File /Users/ivanortizmaura/MemoCV/functions/src/index.ts changed, reloading triggers"}}
[debug] [2026-05-08T09:04:30.364Z] Validating nodejs source
[warn] ⚠  functions: package.json indicates an outdated version of firebase-functions. Please upgrade using npm install --save firebase-functions@latest in your functions directory. 
[warn] ⚠  functions: Please note that there will be breaking changes when you upgrade. 
[debug] [2026-05-08T09:04:30.870Z] > [functions] package.json contents: {
  "name": "functions",
  "scripts": {
    "lint": "eslint --ext .js,.ts .",
    "build": "tsc",
    "build:watch": "tsc --watch",
    "serve": "npm run build && firebase emulators:start --only functions",
    "shell": "npm run build && firebase functions:shell",
    "start": "npm run shell",
    "deploy": "firebase deploy --only functions",
    "logs": "firebase functions:log"
  },
  "engines": {
    "node": "22"
  },
  "main": "lib/index.js",
  "dependencies": {
    "firebase-admin": "^13.4.0",
    "firebase-functions": "^6.6.0",
    "nodemailer": "^8.0.7"
  },
  "devDependencies": {
    "@types/nodemailer": "^8.0.0",
    "@typescript-eslint/eslint-plugin": "^8.0.0",
    "@typescript-eslint/parser": "^8.0.0",
    "eslint": "^8.57.1",
    "eslint-config-google": "^0.14.0",
    "typescript": "^5.9.2"
  },
  "private": true
}
[debug] [2026-05-08T09:04:30.870Z] Building nodejs source
[debug] [2026-05-08T09:04:30.870Z] Failed to find version of module node: reached end of search path /Users/ivanortizmaura/MemoCV/functions/node_modules
[warn] ⚠  functions: Your requested "node" version "22" doesn't match your global version "25". Using node@25 from host. 
[debug] [2026-05-08T09:04:30.870Z] Could not find functions.yaml. Must use http discovery
[debug] [2026-05-08T09:04:30.871Z] Found firebase-functions binary at '/Users/ivanortizmaura/MemoCV/functions/node_modules/.bin/firebase-functions'
[info] Serving at port 8756

[debug] [2026-05-08T09:04:31.181Z] Got response from /__/functions.yaml {"endpoints":{"sendStudentEmail":{"availableMemoryMb":512,"timeoutSeconds":120,"minInstances":null,"maxInstances":null,"ingressSettings":null,"concurrency":null,"serviceAccountEmail":null,"vpc":null,"platform":"gcfv2","region":["us-central1"],"secretEnvironmentVariables":[{"key":"GMAIL_PASSWORD"}],"labels":{},"callableTrigger":{},"entryPoint":"sendStudentEmail"}},"specVersion":"v1alpha1","requiredAPIs":[],"extensions":{}}
[info] ✔  functions: Loaded functions definitions from source: sendStudentEmail. {"metadata":{"emulator":{"name":"functions"},"message":"Loaded functions definitions from source: sendStudentEmail."}}
[debug] [2026-05-08T09:04:38.340Z] File /Users/ivanortizmaura/MemoCV/functions/src/index.ts changed, reloading triggers {"metadata":{"emulator":{"name":"functions"},"message":"File /Users/ivanortizmaura/MemoCV/functions/src/index.ts changed, reloading triggers"}}
[debug] [2026-05-08T09:04:39.342Z] Validating nodejs source
[warn] ⚠  functions: package.json indicates an outdated version of firebase-functions. Please upgrade using npm install --save firebase-functions@latest in your functions directory. 
[warn] ⚠  functions: Please note that there will be breaking changes when you upgrade. 
[debug] [2026-05-08T09:04:39.819Z] > [functions] package.json contents: {
  "name": "functions",
  "scripts": {
    "lint": "eslint --ext .js,.ts .",
    "build": "tsc",
    "build:watch": "tsc --watch",
    "serve": "npm run build && firebase emulators:start --only functions",
    "shell": "npm run build && firebase functions:shell",
    "start": "npm run shell",
    "deploy": "firebase deploy --only functions",
    "logs": "firebase functions:log"
  },
  "engines": {
    "node": "22"
  },
  "main": "lib/index.js",
  "dependencies": {
    "firebase-admin": "^13.4.0",
    "firebase-functions": "^6.6.0",
    "nodemailer": "^8.0.7"
  },
  "devDependencies": {
    "@types/nodemailer": "^8.0.0",
    "@typescript-eslint/eslint-plugin": "^8.0.0",
    "@typescript-eslint/parser": "^8.0.0",
    "eslint": "^8.57.1",
    "eslint-config-google": "^0.14.0",
    "typescript": "^5.9.2"
  },
  "private": true
}
[debug] [2026-05-08T09:04:39.819Z] Building nodejs source
[debug] [2026-05-08T09:04:39.819Z] Failed to find version of module node: reached end of search path /Users/ivanortizmaura/MemoCV/functions/node_modules
[warn] ⚠  functions: Your requested "node" version "22" doesn't match your global version "25". Using node@25 from host. 
[debug] [2026-05-08T09:04:39.820Z] Could not find functions.yaml. Must use http discovery
[debug] [2026-05-08T09:04:39.820Z] Found firebase-functions binary at '/Users/ivanortizmaura/MemoCV/functions/node_modules/.bin/firebase-functions'
[info] Serving at port 8852

[debug] [2026-05-08T09:04:40.131Z] Got response from /__/functions.yaml {"endpoints":{"sendStudentEmail":{"availableMemoryMb":512,"timeoutSeconds":120,"minInstances":null,"maxInstances":null,"ingressSettings":null,"concurrency":null,"serviceAccountEmail":null,"vpc":null,"platform":"gcfv2","region":["us-central1"],"secretEnvironmentVariables":[{"key":"GMAIL_PASSWORD"}],"labels":{},"callableTrigger":{},"entryPoint":"sendStudentEmail"}},"specVersion":"v1alpha1","requiredAPIs":[],"extensions":{}}
[info] ✔  functions: Loaded functions definitions from source: sendStudentEmail. {"metadata":{"emulator":{"name":"functions"},"message":"Loaded functions definitions from source: sendStudentEmail."}}
[debug] [2026-05-08T09:04:48.197Z] File /Users/ivanortizmaura/MemoCV/functions/src/index.ts changed, reloading triggers {"metadata":{"emulator":{"name":"functions"},"message":"File /Users/ivanortizmaura/MemoCV/functions/src/index.ts changed, reloading triggers"}}
[debug] [2026-05-08T09:04:49.198Z] Validating nodejs source
[warn] ⚠  functions: package.json indicates an outdated version of firebase-functions. Please upgrade using npm install --save firebase-functions@latest in your functions directory. 
[warn] ⚠  functions: Please note that there will be breaking changes when you upgrade. 
[debug] [2026-05-08T09:04:49.661Z] > [functions] package.json contents: {
  "name": "functions",
  "scripts": {
    "lint": "eslint --ext .js,.ts .",
    "build": "tsc",
    "build:watch": "tsc --watch",
    "serve": "npm run build && firebase emulators:start --only functions",
    "shell": "npm run build && firebase functions:shell",
    "start": "npm run shell",
    "deploy": "firebase deploy --only functions",
    "logs": "firebase functions:log"
  },
  "engines": {
    "node": "22"
  },
  "main": "lib/index.js",
  "dependencies": {
    "firebase-admin": "^13.4.0",
    "firebase-functions": "^6.6.0",
    "nodemailer": "^8.0.7"
  },
  "devDependencies": {
    "@types/nodemailer": "^8.0.0",
    "@typescript-eslint/eslint-plugin": "^8.0.0",
    "@typescript-eslint/parser": "^8.0.0",
    "eslint": "^8.57.1",
    "eslint-config-google": "^0.14.0",
    "typescript": "^5.9.2"
  },
  "private": true
}
[debug] [2026-05-08T09:04:49.661Z] Building nodejs source
[debug] [2026-05-08T09:04:49.661Z] Failed to find version of module node: reached end of search path /Users/ivanortizmaura/MemoCV/functions/node_modules
[warn] ⚠  functions: Your requested "node" version "22" doesn't match your global version "25". Using node@25 from host. 
[debug] [2026-05-08T09:04:49.662Z] Could not find functions.yaml. Must use http discovery
[debug] [2026-05-08T09:04:49.663Z] Found firebase-functions binary at '/Users/ivanortizmaura/MemoCV/functions/node_modules/.bin/firebase-functions'
[info] Serving at port 8220

[debug] [2026-05-08T09:04:50.015Z] Got response from /__/functions.yaml {"endpoints":{"sendStudentEmail":{"availableMemoryMb":512,"timeoutSeconds":120,"minInstances":null,"maxInstances":null,"ingressSettings":null,"concurrency":null,"serviceAccountEmail":null,"vpc":null,"platform":"gcfv2","region":["us-central1"],"secretEnvironmentVariables":[{"key":"GMAIL_PASSWORD"}],"labels":{},"callableTrigger":{},"entryPoint":"sendStudentEmail"}},"specVersion":"v1alpha1","requiredAPIs":[],"extensions":{}}
[info] ✔  functions: Loaded functions definitions from source: sendStudentEmail. {"metadata":{"emulator":{"name":"functions"},"message":"Loaded functions definitions from source: sendStudentEmail."}}
[debug] [2026-05-08T09:04:54.608Z] File /Users/ivanortizmaura/MemoCV/functions/src/index.ts changed, reloading triggers {"metadata":{"emulator":{"name":"functions"},"message":"File /Users/ivanortizmaura/MemoCV/functions/src/index.ts changed, reloading triggers"}}
[debug] [2026-05-08T09:04:54.710Z] File /Users/ivanortizmaura/MemoCV/functions/src/index.ts changed, reloading triggers {"metadata":{"emulator":{"name":"functions"},"message":"File /Users/ivanortizmaura/MemoCV/functions/src/index.ts changed, reloading triggers"}}
[debug] [2026-05-08T09:04:55.712Z] Validating nodejs source
[warn] ⚠  functions: package.json indicates an outdated version of firebase-functions. Please upgrade using npm install --save firebase-functions@latest in your functions directory. 
[warn] ⚠  functions: Please note that there will be breaking changes when you upgrade. 
[debug] [2026-05-08T09:04:56.184Z] > [functions] package.json contents: {
  "name": "functions",
  "scripts": {
    "lint": "eslint --ext .js,.ts .",
    "build": "tsc",
    "build:watch": "tsc --watch",
    "serve": "npm run build && firebase emulators:start --only functions",
    "shell": "npm run build && firebase functions:shell",
    "start": "npm run shell",
    "deploy": "firebase deploy --only functions",
    "logs": "firebase functions:log"
  },
  "engines": {
    "node": "22"
  },
  "main": "lib/index.js",
  "dependencies": {
    "firebase-admin": "^13.4.0",
    "firebase-functions": "^6.6.0",
    "nodemailer": "^8.0.7"
  },
  "devDependencies": {
    "@types/nodemailer": "^8.0.0",
    "@typescript-eslint/eslint-plugin": "^8.0.0",
    "@typescript-eslint/parser": "^8.0.0",
    "eslint": "^8.57.1",
    "eslint-config-google": "^0.14.0",
    "typescript": "^5.9.2"
  },
  "private": true
}
[debug] [2026-05-08T09:04:56.184Z] Building nodejs source
[debug] [2026-05-08T09:04:56.184Z] Failed to find version of module node: reached end of search path /Users/ivanortizmaura/MemoCV/functions/node_modules
[warn] ⚠  functions: Your requested "node" version "22" doesn't match your global version "25". Using node@25 from host. 
[debug] [2026-05-08T09:04:56.185Z] Could not find functions.yaml. Must use http discovery
[debug] [2026-05-08T09:04:56.185Z] Found firebase-functions binary at '/Users/ivanortizmaura/MemoCV/functions/node_modules/.bin/firebase-functions'
[info] Serving at port 8022

[debug] [2026-05-08T09:04:56.508Z] Got response from /__/functions.yaml {"endpoints":{"sendStudentEmail":{"availableMemoryMb":512,"timeoutSeconds":120,"minInstances":null,"maxInstances":null,"ingressSettings":null,"concurrency":null,"serviceAccountEmail":null,"vpc":null,"platform":"gcfv2","region":["us-central1"],"secretEnvironmentVariables":[{"key":"GMAIL_PASSWORD"}],"labels":{},"callableTrigger":{},"entryPoint":"sendStudentEmail"}},"specVersion":"v1alpha1","requiredAPIs":[],"extensions":{}}
[debug] [2026-05-08T09:04:59.216Z] File /Users/ivanortizmaura/MemoCV/functions/src/index.ts changed, reloading triggers {"metadata":{"emulator":{"name":"functions"},"message":"File /Users/ivanortizmaura/MemoCV/functions/src/index.ts changed, reloading triggers"}}
[debug] [2026-05-08T09:04:59.318Z] File /Users/ivanortizmaura/MemoCV/functions/src/index.ts changed, reloading triggers {"metadata":{"emulator":{"name":"functions"},"message":"File /Users/ivanortizmaura/MemoCV/functions/src/index.ts changed, reloading triggers"}}
[debug] [2026-05-08T09:05:00.319Z] Validating nodejs source
[warn] ⚠  functions: package.json indicates an outdated version of firebase-functions. Please upgrade using npm install --save firebase-functions@latest in your functions directory. 
[warn] ⚠  functions: Please note that there will be breaking changes when you upgrade. 
[debug] [2026-05-08T09:05:00.817Z] > [functions] package.json contents: {
  "name": "functions",
  "scripts": {
    "lint": "eslint --ext .js,.ts .",
    "build": "tsc",
    "build:watch": "tsc --watch",
    "serve": "npm run build && firebase emulators:start --only functions",
    "shell": "npm run build && firebase functions:shell",
    "start": "npm run shell",
    "deploy": "firebase deploy --only functions",
    "logs": "firebase functions:log"
  },
  "engines": {
    "node": "22"
  },
  "main": "lib/index.js",
  "dependencies": {
    "firebase-admin": "^13.4.0",
    "firebase-functions": "^6.6.0",
    "nodemailer": "^8.0.7"
  },
  "devDependencies": {
    "@types/nodemailer": "^8.0.0",
    "@typescript-eslint/eslint-plugin": "^8.0.0",
    "@typescript-eslint/parser": "^8.0.0",
    "eslint": "^8.57.1",
    "eslint-config-google": "^0.14.0",
    "typescript": "^5.9.2"
  },
  "private": true
}
[debug] [2026-05-08T09:05:00.817Z] Building nodejs source
[debug] [2026-05-08T09:05:00.817Z] Failed to find version of module node: reached end of search path /Users/ivanortizmaura/MemoCV/functions/node_modules
[warn] ⚠  functions: Your requested "node" version "22" doesn't match your global version "25". Using node@25 from host. 
[debug] [2026-05-08T09:05:00.817Z] Could not find functions.yaml. Must use http discovery
[debug] [2026-05-08T09:05:00.818Z] Found firebase-functions binary at '/Users/ivanortizmaura/MemoCV/functions/node_modules/.bin/firebase-functions'
[info] ✔  functions: Loaded functions definitions from source: sendStudentEmail. {"metadata":{"emulator":{"name":"functions"},"message":"Loaded functions definitions from source: sendStudentEmail."}}
[info] Serving at port 8287

[debug] [2026-05-08T09:05:01.132Z] Got response from /__/functions.yaml {"endpoints":{"sendStudentEmail":{"availableMemoryMb":512,"timeoutSeconds":120,"minInstances":null,"maxInstances":null,"ingressSettings":null,"concurrency":null,"serviceAccountEmail":null,"vpc":null,"platform":"gcfv2","region":["us-central1"],"secretEnvironmentVariables":[{"key":"GMAIL_PASSWORD"}],"labels":{},"callableTrigger":{},"entryPoint":"sendStudentEmail"}},"specVersion":"v1alpha1","requiredAPIs":[],"extensions":{}}
[info] ✔  functions: Loaded functions definitions from source: sendStudentEmail. {"metadata":{"emulator":{"name":"functions"},"message":"Loaded functions definitions from source: sendStudentEmail."}}
[debug] [2026-05-08T09:05:47.471Z] File /Users/ivanortizmaura/MemoCV/functions/lib/index.js changed, reloading triggers {"metadata":{"emulator":{"name":"functions"},"message":"File /Users/ivanortizmaura/MemoCV/functions/lib/index.js changed, reloading triggers"}}
[debug] [2026-05-08T09:05:47.472Z] File /Users/ivanortizmaura/MemoCV/functions/lib/index.js.map changed, reloading triggers {"metadata":{"emulator":{"name":"functions"},"message":"File /Users/ivanortizmaura/MemoCV/functions/lib/index.js.map changed, reloading triggers"}}
[debug] [2026-05-08T09:05:48.473Z] Validating nodejs source
[warn] ⚠  functions: package.json indicates an outdated version of firebase-functions. Please upgrade using npm install --save firebase-functions@latest in your functions directory. 
[warn] ⚠  functions: Please note that there will be breaking changes when you upgrade. 
[debug] [2026-05-08T09:05:49.060Z] > [functions] package.json contents: {
  "name": "functions",
  "scripts": {
    "lint": "eslint --ext .js,.ts .",
    "build": "tsc",
    "build:watch": "tsc --watch",
    "serve": "npm run build && firebase emulators:start --only functions",
    "shell": "npm run build && firebase functions:shell",
    "start": "npm run shell",
    "deploy": "firebase deploy --only functions",
    "logs": "firebase functions:log"
  },
  "engines": {
    "node": "22"
  },
  "main": "lib/index.js",
  "dependencies": {
    "firebase-admin": "^13.4.0",
    "firebase-functions": "^6.6.0",
    "nodemailer": "^8.0.7"
  },
  "devDependencies": {
    "@types/nodemailer": "^8.0.0",
    "@typescript-eslint/eslint-plugin": "^8.0.0",
    "@typescript-eslint/parser": "^8.0.0",
    "eslint": "^8.57.1",
    "eslint-config-google": "^0.14.0",
    "typescript": "^5.9.2"
  },
  "private": true
}
[debug] [2026-05-08T09:05:49.060Z] Building nodejs source
[debug] [2026-05-08T09:05:49.060Z] Failed to find version of module node: reached end of search path /Users/ivanortizmaura/MemoCV/functions/node_modules
[warn] ⚠  functions: Your requested "node" version "22" doesn't match your global version "25". Using node@25 from host. 
[debug] [2026-05-08T09:05:49.061Z] Could not find functions.yaml. Must use http discovery
[debug] [2026-05-08T09:05:49.061Z] Found firebase-functions binary at '/Users/ivanortizmaura/MemoCV/functions/node_modules/.bin/firebase-functions'
[info] Serving at port 8041

[debug] [2026-05-08T09:05:49.496Z] Got response from /__/functions.yaml {"endpoints":{"sendStudentEmail":{"availableMemoryMb":512,"timeoutSeconds":120,"minInstances":null,"maxInstances":null,"ingressSettings":null,"concurrency":null,"serviceAccountEmail":null,"vpc":null,"platform":"gcfv2","region":["us-central1"],"secretEnvironmentVariables":[{"key":"GMAIL_PASSWORD"}],"labels":{},"callableTrigger":{},"entryPoint":"sendStudentEmail"}},"specVersion":"v1alpha1","requiredAPIs":[],"extensions":{}}
[info] ✔  functions: Loaded functions definitions from source: sendStudentEmail. {"metadata":{"emulator":{"name":"functions"},"message":"Loaded functions definitions from source: sendStudentEmail."}}
[debug] [2026-05-08T09:08:37.693Z] File /Users/ivanortizmaura/MemoCV/functions/lib/index.js.map changed, reloading triggers {"metadata":{"emulator":{"name":"functions"},"message":"File /Users/ivanortizmaura/MemoCV/functions/lib/index.js.map changed, reloading triggers"}}
[debug] [2026-05-08T09:08:37.694Z] File /Users/ivanortizmaura/MemoCV/functions/lib/index.js changed, reloading triggers {"metadata":{"emulator":{"name":"functions"},"message":"File /Users/ivanortizmaura/MemoCV/functions/lib/index.js changed, reloading triggers"}}
[debug] [2026-05-08T09:08:38.697Z] Validating nodejs source
[warn] ⚠  functions: package.json indicates an outdated version of firebase-functions. Please upgrade using npm install --save firebase-functions@latest in your functions directory. 
[warn] ⚠  functions: Please note that there will be breaking changes when you upgrade. 
[debug] [2026-05-08T09:08:39.296Z] > [functions] package.json contents: {
  "name": "functions",
  "scripts": {
    "lint": "eslint --ext .js,.ts .",
    "build": "tsc",
    "build:watch": "tsc --watch",
    "serve": "npm run build && firebase emulators:start --only functions",
    "shell": "npm run build && firebase functions:shell",
    "start": "npm run shell",
    "deploy": "firebase deploy --only functions",
    "logs": "firebase functions:log"
  },
  "engines": {
    "node": "22"
  },
  "main": "lib/index.js",
  "dependencies": {
    "firebase-admin": "^13.4.0",
    "firebase-functions": "^6.6.0",
    "nodemailer": "^8.0.7"
  },
  "devDependencies": {
    "@types/nodemailer": "^8.0.0",
    "@typescript-eslint/eslint-plugin": "^8.0.0",
    "@typescript-eslint/parser": "^8.0.0",
    "eslint": "^8.57.1",
    "eslint-config-google": "^0.14.0",
    "typescript": "^5.9.2"
  },
  "private": true
}
[debug] [2026-05-08T09:08:39.296Z] Building nodejs source
[debug] [2026-05-08T09:08:39.296Z] Failed to find version of module node: reached end of search path /Users/ivanortizmaura/MemoCV/functions/node_modules
[warn] ⚠  functions: Your requested "node" version "22" doesn't match your global version "25". Using node@25 from host. 
[debug] [2026-05-08T09:08:39.297Z] Could not find functions.yaml. Must use http discovery
[debug] [2026-05-08T09:08:39.297Z] Found firebase-functions binary at '/Users/ivanortizmaura/MemoCV/functions/node_modules/.bin/firebase-functions'
[info] Serving at port 8283

[debug] [2026-05-08T09:08:39.712Z] Got response from /__/functions.yaml {"endpoints":{"sendStudentEmail":{"availableMemoryMb":512,"timeoutSeconds":120,"minInstances":null,"maxInstances":null,"ingressSettings":null,"concurrency":null,"serviceAccountEmail":null,"vpc":null,"platform":"gcfv2","region":["us-central1"],"secretEnvironmentVariables":[{"key":"GMAIL_PASSWORD"}],"labels":{},"callableTrigger":{},"entryPoint":"sendStudentEmail"}},"specVersion":"v1alpha1","requiredAPIs":[],"extensions":{}}
[info] ✔  functions: Loaded functions definitions from source: sendStudentEmail. {"metadata":{"emulator":{"name":"functions"},"message":"Loaded functions definitions from source: sendStudentEmail."}}
